<?xml version="1.0" encoding="UTF-8"?>
<testng-results ignored="0" total="1" passed="0" failed="1" skipped="0">
  <reporter-output>
  </reporter-output>
  <suite started-at="2024-06-02T12:16:46 IST" name="Default suite" finished-at="2024-06-02T12:16:48 IST" duration-ms="1632">
    <groups>
      <group name="cucumber">
        <method signature="AbstractTestNGCucumberTests.runScenario(io.cucumber.testng.PickleWrapper,io.cucumber.testng.FeatureWrapper)[pri:0, instance:cucumber.TESTNGTestRunner@48bb62]" name="runScenario" class="io.cucumber.testng.AbstractTestNGCucumberTests"/>
      </group> <!-- cucumber -->
    </groups>
    <test started-at="2024-06-02T12:16:46 IST" name="Default test" finished-at="2024-06-02T12:16:48 IST" duration-ms="1632">
      <class name="cucumber.TESTNGTestRunner">
        <test-method is-config="true" signature="setUpClass(org.testng.ITestContext)[pri:0, instance:cucumber.TESTNGTestRunner@48bb62]" started-at="2024-06-02T12:16:46 IST" name="setUpClass" finished-at="2024-06-02T12:16:46 IST" duration-ms="216" status="PASS">
          <params>
            <param index="0">
              <value>
                <![CDATA[org.testng.TestRunner@4d1f1ff5]]>
              </value>
            </param>
          </params>
          <reporter-output>
          </reporter-output>
        </test-method> <!-- setUpClass -->
        <test-method signature="runScenario(io.cucumber.testng.PickleWrapper,io.cucumber.testng.FeatureWrapper)[pri:0, instance:cucumber.TESTNGTestRunner@48bb62]" started-at="2024-06-02T12:16:46 IST" name="runScenario" description="Runs Cucumber Scenarios" data-provider="scenarios" finished-at="2024-06-02T12:16:48 IST" duration-ms="1362" status="FAIL">
          <params>
            <param index="0">
              <value>
                <![CDATA["happy flow of placing the order"]]>
              </value>
            </param>
            <param index="1">
              <value>
                <![CDATA["Purchase the order from online app"]]>
              </value>
            </param>
          </params>
          <exception class="org.openqa.selenium.NoSuchElementException">
            <message>
              <![CDATA[no such element: Unable to locate element: {"method":"css selector","selector":"#userEmail"}
  (Session info: chrome=125.0.6422.114)
For documentation on this error, please visit: https://www.selenium.dev/documentation/webdriver/troubleshooting/errors#no-such-element-exception
Build info: version: '4.21.0', revision: '79ed462ef4'
System info: os.name: 'Mac OS X', os.arch: 'aarch64', os.version: '14.2.1', java.version: '17.0.10'
Driver info: org.openqa.selenium.chrome.ChromeDriver
Command: [d7f9ecd38d9dd68b950e0cc318e24134, findElement {using=id, value=userEmail}]
Capabilities {acceptInsecureCerts: false, browserName: chrome, browserVersion: 125.0.6422.114, chrome: {chromedriverVersion: 125.0.6422.141 (4b1e8393712..., userDataDir: /var/folders/v2/sfx8xfrj5s1...}, fedcm:accounts: true, goog:chromeOptions: {debuggerAddress: localhost:56623}, networkConnectionEnabled: false, pageLoadStrategy: normal, platformName: mac, proxy: Proxy(), setWindowRect: true, strictFileInteractability: false, timeouts: {implicit: 0, pageLoad: 300000, script: 30000}, unhandledPromptBehavior: dismiss and notify, webauthn:extension:credBlob: true, webauthn:extension:largeBlob: true, webauthn:extension:minPinLength: true, webauthn:extension:prf: true, webauthn:virtualAuthenticators: true}
Session ID: d7f9ecd38d9dd68b950e0cc318e24134]]>
            </message>
            <full-stacktrace>
              <![CDATA[org.openqa.selenium.NoSuchElementException: no such element: Unable to locate element: {"method":"css selector","selector":"#userEmail"}
  (Session info: chrome=125.0.6422.114)
For documentation on this error, please visit: https://www.selenium.dev/documentation/webdriver/troubleshooting/errors#no-such-element-exception
Build info: version: '4.21.0', revision: '79ed462ef4'
System info: os.name: 'Mac OS X', os.arch: 'aarch64', os.version: '14.2.1', java.version: '17.0.10'
Driver info: org.openqa.selenium.chrome.ChromeDriver
Command: [d7f9ecd38d9dd68b950e0cc318e24134, findElement {using=id, value=userEmail}]
Capabilities {acceptInsecureCerts: false, browserName: chrome, browserVersion: 125.0.6422.114, chrome: {chromedriverVersion: 125.0.6422.141 (4b1e8393712..., userDataDir: /var/folders/v2/sfx8xfrj5s1...}, fedcm:accounts: true, goog:chromeOptions: {debuggerAddress: localhost:56623}, networkConnectionEnabled: false, pageLoadStrategy: normal, platformName: mac, proxy: Proxy(), setWindowRect: true, strictFileInteractability: false, timeouts: {implicit: 0, pageLoad: 300000, script: 30000}, unhandledPromptBehavior: dismiss and notify, webauthn:extension:credBlob: true, webauthn:extension:largeBlob: true, webauthn:extension:minPinLength: true, webauthn:extension:prf: true, webauthn:virtualAuthenticators: true}
Session ID: d7f9ecd38d9dd68b950e0cc318e24134
at java.base/jdk.internal.reflect.NativeConstructorAccessorImpl.newInstance0(Native Method)
at java.base/jdk.internal.reflect.NativeConstructorAccessorImpl.newInstance(NativeConstructorAccessorImpl.java:77)
at java.base/jdk.internal.reflect.DelegatingConstructorAccessorImpl.newInstance(DelegatingConstructorAccessorImpl.java:45)
at java.base/java.lang.reflect.Constructor.newInstanceWithCaller(Constructor.java:499)
at java.base/java.lang.reflect.Constructor.newInstance(Constructor.java:480)
at org.openqa.selenium.remote.ErrorCodec.decode(ErrorCodec.java:167)
at org.openqa.selenium.remote.codec.w3c.W3CHttpResponseCodec.decode(W3CHttpResponseCodec.java:138)
at org.openqa.selenium.remote.codec.w3c.W3CHttpResponseCodec.decode(W3CHttpResponseCodec.java:50)
at org.openqa.selenium.remote.HttpCommandExecutor.execute(HttpCommandExecutor.java:190)
at org.openqa.selenium.remote.service.DriverCommandExecutor.invokeExecute(DriverCommandExecutor.java:216)
at org.openqa.selenium.remote.service.DriverCommandExecutor.execute(DriverCommandExecutor.java:174)
at org.openqa.selenium.remote.RemoteWebDriver.execute(RemoteWebDriver.java:518)
at org.openqa.selenium.remote.ElementLocation$ElementFinder$2.findElement(ElementLocation.java:165)
at org.openqa.selenium.remote.ElementLocation.findElement(ElementLocation.java:66)
at org.openqa.selenium.remote.RemoteWebDriver.findElement(RemoteWebDriver.java:355)
at org.openqa.selenium.remote.RemoteWebDriver.findElement(RemoteWebDriver.java:349)
at Stepdefinitions.stepdefinitionimplementation.loggedin_username_and_password(stepdefinitionimplementation.java:34)
at ✽.I want login with the user name John1@gmail.com and passwordJohn@1234(file:///Users/sigmoid/eclipse-workspace/SeleniumFramework/src/test/java/cucumber/BasicsSelenium.feature:12)
]]>
            </full-stacktrace>
          </exception> <!-- org.openqa.selenium.NoSuchElementException -->
          <reporter-output>
          </reporter-output>
        </test-method> <!-- runScenario -->
        <test-method is-config="true" signature="tearDownClass()[pri:0, instance:cucumber.TESTNGTestRunner@48bb62]" started-at="2024-06-02T12:16:48 IST" name="tearDownClass" finished-at="2024-06-02T12:16:48 IST" duration-ms="38" status="PASS">
          <reporter-output>
          </reporter-output>
        </test-method> <!-- tearDownClass -->
      </class> <!-- cucumber.TESTNGTestRunner -->
    </test> <!-- Default test -->
  </suite> <!-- Default suite -->
</testng-results>
